[90m2024-06-05T17:43:20+05:30[0m [32mINF[0m [1mdatabase connection : postgres[0m
[90m2024-06-05T17:43:20+05:30[0m [32mINF[0m [1mdatabase connected successfully...[0m
[90m2024-06-05T17:43:20+05:30[0m [32mINF[0m [1mStarting server on :3001[0m
[90m2024-06-06T13:46:35+05:30[0m [32mINF[0m [1mdatabase connection : postgres[0m
[90m2024-06-06T13:46:35+05:30[0m [32mINF[0m [1mdatabase connected successfully...[0m
[90m2024-06-06T13:46:35+05:30[0m [32mINF[0m [1mStarting server on :3001[0m
[90m2024-06-06T13:52:09+05:30[0m [31mERR[0m [1mwhile verify password email or password is incorect,shyamalkaushik13@gmail.com(/UserRegister)[0m
[90m2024-06-06T13:52:15+05:30[0m [31mERR[0m [1mwhile verify password email or password is incorect,shyamalkaushik13@gmail.com(/UserRegister)[0m
[90m2024-06-06T13:53:38+05:30[0m [31mERR[0m [1mwhile verify password email or password is incorect,shyamalkaushik13@gmail.com(/UserRegister)[0m
[90m2024-06-06T14:58:23+05:30[0m [32mINF[0m [1menter for main[0m
[90m2024-06-06T14:58:23+05:30[0m [32mINF[0m [1mdatabase connection : postgres[0m
[90m2024-06-06T14:58:23+05:30[0m [32mINF[0m [1mdatabase connected successfully...[0m
[90m2024-06-06T14:58:23+05:30[0m [32mINF[0m [1mStarting server on :3001[0m
[90m2024-06-06T14:59:11+05:30[0m [31mERR[0m [1mwhile verify password email or password is incorect,shyamalkaushik13@gmail.com(/UserRegister)[0m
[90m2024-06-06T15:06:09+05:30[0m [32mINF[0m [1menter for main[0m
[90m2024-06-06T15:06:09+05:30[0m [32mINF[0m [1mdatabase connection : postgres[0m
[90m2024-06-06T15:06:09+05:30[0m [32mINF[0m [1mdatabase connected successfully...[0m
[90m2024-06-06T15:06:09+05:30[0m [32mINF[0m [1mStarting server on :3001[0m
[90m2024-06-06T15:07:26+05:30[0m [32mINF[0m [1menter for main[0m
[90m2024-06-06T15:07:26+05:30[0m [32mINF[0m [1mdatabase connection : postgres[0m
[90m2024-06-06T15:07:26+05:30[0m [32mINF[0m [1mdatabase connected successfully...[0m
[90m2024-06-06T15:07:26+05:30[0m [32mINF[0m [1mStarting server on :3001[0m
[90m2024-06-06T15:08:38+05:30[0m [31mERR[0m [1mwhile verify password email or password is incorect,shyamalkaushik13@gmail.com(/UserRegister)[0m
[90m2024-06-06T15:10:47+05:30[0m [32mINF[0m [1menter for main[0m
[90m2024-06-06T15:10:47+05:30[0m [32mINF[0m [1mdatabase connection : postgres[0m
[90m2024-06-06T15:10:48+05:30[0m [32mINF[0m [1mdatabase connected successfully...[0m
[90m2024-06-06T15:10:48+05:30[0m [32mINF[0m [1mStarting server on :3001[0m
[90m2024-06-06T15:10:59+05:30[0m [31mERR[0m [1mwhile verify password email or password is incorect,shyamalkaushik13@gmail.com(/UserRegister)[0m
[90m2024-06-06T15:13:19+05:30[0m [31mERR[0m [1mwhile verify password email or password is incorect,shyamalkaushik13@gmail.com(/UserRegister)[0m
[90m2024-06-06T15:17:22+05:30[0m [32mINF[0m [1menter for main[0m
[90m2024-06-06T15:17:22+05:30[0m [32mINF[0m [1mdatabase connection : postgres[0m
[90m2024-06-06T15:17:22+05:30[0m [32mINF[0m [1mdatabase connected successfully...[0m
[90m2024-06-06T15:17:22+05:30[0m [32mINF[0m [1mStarting server on :3001[0m
[90m2024-06-06T16:01:43+05:30[0m [32mINF[0m [1menter for main[0m
[90m2024-06-06T16:01:43+05:30[0m [32mINF[0m [1mdatabase connection : postgres[0m
[90m2024-06-06T16:01:44+05:30[0m [32mINF[0m [1mdatabase connected successfully...[0m
[90m2024-06-06T16:02:56+05:30[0m [32mINF[0m [1menter for main[0m
[90m2024-06-06T16:02:56+05:30[0m [32mINF[0m [1mdatabase connection : postgres[0m
[90m2024-06-06T16:02:56+05:30[0m [32mINF[0m [1mdatabase connected successfully...[0m
[90m2024-06-06T16:02:56+05:30[0m [32mINF[0m [1mStarting server on :3001[0m
[90m2024-06-07T12:55:06+05:30[0m [32mINF[0m [1menter for main[0m
[90m2024-06-07T12:55:06+05:30[0m [32mINF[0m [1mdatabase connection : postgres[0m
[90m2024-06-07T12:55:07+05:30[0m [32mINF[0m [1mdatabase connected successfully...[0m
[90m2024-06-07T12:55:07+05:30[0m [32mINF[0m [1mStarting server on :3001[0m
[90m2024-06-07T13:10:31+05:30[0m [32mINF[0m [1menter for main[0m
[90m2024-06-07T13:10:31+05:30[0m [32mINF[0m [1mdatabase connection : postgres[0m
[90m2024-06-07T13:10:31+05:30[0m [32mINF[0m [1mdatabase connected successfully...[0m
[90m2024-06-07T13:10:31+05:30[0m [32mINF[0m [1mStarting server on :3001[0m
[90m2024-06-07T13:12:51+05:30[0m [32mINF[0m [1menter for main[0m
[90m2024-06-07T13:12:51+05:30[0m [32mINF[0m [1mdatabase connection : postgres[0m
[90m2024-06-07T13:12:51+05:30[0m [32mINF[0m [1mdatabase connected successfully...[0m
[90m2024-06-07T13:12:51+05:30[0m [32mINF[0m [1mStarting server on :8080[0m
[90m2024-06-07T13:14:34+05:30[0m [32mINF[0m [1menter for main[0m
[90m2024-06-07T13:14:34+05:30[0m [32mINF[0m [1mdatabase connection : postgres[0m
[90m2024-06-07T13:14:35+05:30[0m [32mINF[0m [1mdatabase connected successfully...[0m
[90m2024-06-07T13:14:35+05:30[0m [32mINF[0m [1mStarting server on :8080[0m
[90m2024-06-07T13:21:48+05:30[0m [32mINF[0m [1menter for main[0m
[90m2024-06-07T13:21:48+05:30[0m [32mINF[0m [1mdatabase connection : postgres[0m
[90m2024-06-07T13:21:49+05:30[0m [32mINF[0m [1mdatabase connected successfully...[0m
[90m2024-06-07T13:21:49+05:30[0m [32mINF[0m [1mStarting server on :8080[0m
[90m2024-06-07T13:23:56+05:30[0m [32mINF[0m [1menter for main[0m
[90m2024-06-07T13:23:56+05:30[0m [32mINF[0m [1mdatabase connection : postgres[0m
[90m2024-06-07T13:23:56+05:30[0m [32mINF[0m [1mdatabase connected successfully...[0m
[90m2024-06-07T13:24:41+05:30[0m [32mINF[0m [1menter for main[0m
[90m2024-06-07T13:24:41+05:30[0m [32mINF[0m [1mdatabase connection : postgres[0m
[90m2024-06-07T13:24:41+05:30[0m [32mINF[0m [1mdatabase connected successfully...[0m
[90m2024-06-07T13:24:41+05:30[0m [32mINF[0m [1mStarting server on :8080[0m
[90m2024-06-07T13:30:33+05:30[0m [32mINF[0m [1menter for main[0m
[90m2024-06-07T13:30:33+05:30[0m [32mINF[0m [1mdatabase connection : postgres[0m
[90m2024-06-07T13:30:34+05:30[0m [32mINF[0m [1mdatabase connected successfully...[0m
[90m2024-06-07T13:30:34+05:30[0m [32mINF[0m [1mStarting server on :8080[0m
[90m2024-06-07T13:34:43+05:30[0m [32mINF[0m [1menter for main[0m
[90m2024-06-07T13:34:43+05:30[0m [32mINF[0m [1mdatabase connection : postgres[0m
[90m2024-06-07T13:34:43+05:30[0m [32mINF[0m [1mdatabase connected successfully...[0m
[90m2024-06-07T13:34:43+05:30[0m [32mINF[0m [1mStarting server on :8080[0m
[90m2024-06-07T13:37:58+05:30[0m [32mINF[0m [1menter for main[0m
[90m2024-06-07T13:37:58+05:30[0m [32mINF[0m [1mdatabase connection : postgres[0m
[90m2024-06-07T13:37:59+05:30[0m [32mINF[0m [1mdatabase connected successfully...[0m
[90m2024-06-07T13:37:59+05:30[0m [32mINF[0m [1mStarting server on :8080[0m
[90m2024-06-07T13:55:39+05:30[0m [32mINF[0m [1menter for main[0m
[90m2024-06-07T13:55:39+05:30[0m [32mINF[0m [1mdatabase connection : postgres[0m
[90m2024-06-07T13:55:40+05:30[0m [32mINF[0m [1mdatabase connected successfully...[0m
[90m2024-06-07T13:55:40+05:30[0m [32mINF[0m [1mStarting server on :8080[0m
[90m2024-06-07T14:03:32+05:30[0m [32mINF[0m [1menter for main[0m
[90m2024-06-07T14:03:32+05:30[0m [32mINF[0m [1mdatabase connection : postgres[0m
[90m2024-06-07T14:03:33+05:30[0m [32mINF[0m [1mdatabase connected successfully...[0m
[90m2024-06-07T14:03:33+05:30[0m [32mINF[0m [1mStarting server on :8080[0m
[90m2024-06-07T14:05:10+05:30[0m [32mINF[0m [1menter for main[0m
[90m2024-06-07T14:05:11+05:30[0m [32mINF[0m [1mdatabase connection : postgres[0m
[90m2024-06-07T14:05:11+05:30[0m [32mINF[0m [1mdatabase connected successfully...[0m
[90m2024-06-07T14:05:11+05:30[0m [32mINF[0m [1mStarting server on :8080[0m
[90m2024-06-07T14:06:26+05:30[0m [32mINF[0m [1menter for main[0m
[90m2024-06-07T14:06:26+05:30[0m [32mINF[0m [1mdatabase connection : postgres[0m
[90m2024-06-07T14:06:26+05:30[0m [32mINF[0m [1mdatabase connected successfully...[0m
[90m2024-06-07T14:06:26+05:30[0m [32mINF[0m [1mStarting server on :8080[0m
[90m2024-06-07T14:07:35+05:30[0m [32mINF[0m [1menter for main[0m
[90m2024-06-07T14:07:35+05:30[0m [32mINF[0m [1mdatabase connection : postgres[0m
[90m2024-06-07T14:07:36+05:30[0m [32mINF[0m [1mdatabase connected successfully...[0m
[90m2024-06-07T14:07:36+05:30[0m [32mINF[0m [1mStarting server on :8080[0m
[90m2024-06-07T14:08:23+05:30[0m [32mINF[0m [1menter for main[0m
[90m2024-06-07T14:08:23+05:30[0m [32mINF[0m [1mdatabase connection : postgres[0m
[90m2024-06-07T14:08:24+05:30[0m [32mINF[0m [1mdatabase connected successfully...[0m
[90m2024-06-07T14:08:24+05:30[0m [32mINF[0m [1mStarting server on :8080[0m
[90m2024-06-07T14:09:09+05:30[0m [32mINF[0m [1menter for main[0m
[90m2024-06-07T14:09:09+05:30[0m [32mINF[0m [1mdatabase connection : postgres[0m
[90m2024-06-07T14:09:09+05:30[0m [32mINF[0m [1mdatabase connected successfully...[0m
[90m2024-06-07T14:09:10+05:30[0m [32mINF[0m [1mStarting server on :8080[0m
[90m2024-06-07T14:16:02+05:30[0m [32mINF[0m [1menter for main[0m
[90m2024-06-07T14:16:02+05:30[0m [32mINF[0m [1mdatabase connection : postgres[0m
[90m2024-06-07T14:16:02+05:30[0m [32mINF[0m [1mdatabase connected successfully...[0m
[90m2024-06-07T14:16:02+05:30[0m [32mINF[0m [1mStarting server on :8080[0m
[90m2024-06-07T14:46:02+05:30[0m [32mINF[0m [1menter for main[0m
[90m2024-06-07T14:46:02+05:30[0m [32mINF[0m [1mdatabase connection : postgres[0m
[90m2024-06-07T14:46:02+05:30[0m [32mINF[0m [1mdatabase connected successfully...[0m
[90m2024-06-07T14:46:02+05:30[0m [32mINF[0m [1mStarting server on :8080[0m
[90m2024-06-07T15:06:58+05:30[0m [32mINF[0m [1menter for main[0m
[90m2024-06-07T15:06:58+05:30[0m [32mINF[0m [1mdatabase connection : postgres[0m
[90m2024-06-07T15:06:59+05:30[0m [32mINF[0m [1mdatabase connected successfully...[0m
[90m2024-06-07T15:06:59+05:30[0m [32mINF[0m [1mStarting server on :8080[0m
[90m2024-06-07T15:26:31+05:30[0m [32mINF[0m [1menter for main[0m
[90m2024-06-07T15:26:31+05:30[0m [32mINF[0m [1mdatabase connection : postgres[0m
[90m2024-06-07T15:26:31+05:30[0m [32mINF[0m [1mdatabase connected successfully...[0m
[90m2024-06-07T15:26:31+05:30[0m [32mINF[0m [1mStarting server on :8080[0m
[90m2024-06-07T15:32:20+05:30[0m [32mINF[0m [1menter for main[0m
[90m2024-06-07T15:32:20+05:30[0m [32mINF[0m [1mdatabase connection : postgres[0m
[90m2024-06-07T15:32:20+05:30[0m [32mINF[0m [1mdatabase connected successfully...[0m
[90m2024-06-07T15:32:20+05:30[0m [32mINF[0m [1mStarting server on :8080[0m
[90m2024-06-07T15:35:24+05:30[0m [32mINF[0m [1menter for main[0m
[90m2024-06-07T15:35:24+05:30[0m [32mINF[0m [1mdatabase connection : postgres[0m
[90m2024-06-07T15:35:25+05:30[0m [32mINF[0m [1mdatabase connected successfully...[0m
[90m2024-06-07T15:35:25+05:30[0m [32mINF[0m [1mStarting server on :8080[0m
[90m2024-06-07T15:38:19+05:30[0m [32mINF[0m [1menter for main[0m
[90m2024-06-07T15:38:19+05:30[0m [32mINF[0m [1mdatabase connection : postgres[0m
[90m2024-06-07T15:38:20+05:30[0m [32mINF[0m [1mdatabase connected successfully...[0m
[90m2024-06-07T15:38:20+05:30[0m [32mINF[0m [1mStarting server on :8080[0m
[90m2024-06-07T17:49:35+05:30[0m [32mINF[0m [1menter for main[0m
[90m2024-06-07T17:49:35+05:30[0m [32mINF[0m [1mdatabase connection : postgres[0m
[90m2024-06-07T17:49:36+05:30[0m [32mINF[0m [1mdatabase connected successfully...[0m
[90m2024-06-07T17:49:36+05:30[0m [32mINF[0m [1mStarting server on :8080[0m
[90m2024-06-07T17:50:24+05:30[0m [31mERR[0m [1mvalue not matched[0m
[90m2024-06-07T17:54:40+05:30[0m [32mINF[0m [1menter for main[0m
[90m2024-06-07T17:54:40+05:30[0m [32mINF[0m [1mdatabase connection : postgres[0m
[90m2024-06-07T17:54:40+05:30[0m [32mINF[0m [1mdatabase connected successfully...[0m
[90m2024-06-07T17:54:40+05:30[0m [32mINF[0m [1mStarting server on :8080[0m
[90m2024-06-08T12:07:29+05:30[0m [32mINF[0m [1menter for main[0m
[90m2024-06-08T12:07:29+05:30[0m [32mINF[0m [1mdatabase connection : postgres[0m
[90m2024-06-08T12:07:29+05:30[0m [32mINF[0m [1mdatabase connected successfully...[0m
[90m2024-06-08T12:07:29+05:30[0m [32mINF[0m [1mStarting server on :8080[0m
[90m2024-06-08T12:20:02+05:30[0m [32mINF[0m [1menter for main[0m
[90m2024-06-08T12:20:02+05:30[0m [32mINF[0m [1mdatabase connection : postgres[0m
[90m2024-06-08T12:20:02+05:30[0m [32mINF[0m [1mdatabase connected successfully...[0m
[90m2024-06-08T12:20:02+05:30[0m [32mINF[0m [1mStarting server on :8080[0m
[90m2024-06-10T13:17:30+05:30[0m [32mINF[0m [1menter for main[0m
[90m2024-06-10T13:17:30+05:30[0m [32mINF[0m [1mdatabase connection : postgres[0m
[90m2024-06-10T13:17:31+05:30[0m [32mINF[0m [1mdatabase connected successfully...[0m
[90m2024-06-10T13:17:31+05:30[0m [32mINF[0m [1mStarting server on :8080[0m
[90m2024-06-10T13:33:21+05:30[0m [31mERR[0m [1mwhile binding json (/UserLogin)[0m [36merror=[0m[31m[1m"invalid character '}' looking for beginning of object key string"[0m[0m
[90m2024-06-10T16:12:34+05:30[0m [32mINF[0m [1menter for main[0m
[90m2024-06-10T16:12:34+05:30[0m [32mINF[0m [1mdatabase connection : postgres[0m
[90m2024-06-10T16:12:34+05:30[0m [32mINF[0m [1mdatabase connected successfully...[0m
[90m2024-06-10T16:12:34+05:30[0m [32mINF[0m [1mStarting server on :8080[0m
[90m2024-06-10T16:19:33+05:30[0m [32mINF[0m [1menter for main[0m
[90m2024-06-10T16:19:33+05:30[0m [32mINF[0m [1mdatabase connection : postgres[0m
[90m2024-06-10T16:19:33+05:30[0m [32mINF[0m [1mdatabase connected successfully...[0m
[90m2024-06-10T16:19:33+05:30[0m [32mINF[0m [1mStarting server on :8080[0m
[90m2024-06-10T16:27:24+05:30[0m [32mINF[0m [1menter for main[0m
[90m2024-06-10T16:27:24+05:30[0m [32mINF[0m [1mdatabase connection : postgres[0m
[90m2024-06-10T16:27:24+05:30[0m [32mINF[0m [1mdatabase connected successfully...[0m
[90m2024-06-10T16:27:24+05:30[0m [32mINF[0m [1mStarting server on :8080[0m
[90m2024-06-10T16:38:59+05:30[0m [32mINF[0m [1menter for main[0m
[90m2024-06-10T16:38:59+05:30[0m [32mINF[0m [1mdatabase connection : postgres[0m
[90m2024-06-10T16:38:59+05:30[0m [32mINF[0m [1mdatabase connected successfully...[0m
[90m2024-06-10T16:38:59+05:30[0m [32mINF[0m [1mStarting server on :8080[0m
[90m2024-06-10T18:23:11+05:30[0m [32mINF[0m [1menter for main[0m
[90m2024-06-10T18:23:11+05:30[0m [32mINF[0m [1mdatabase connection : postgres[0m
[90m2024-06-10T18:23:11+05:30[0m [32mINF[0m [1mdatabase connected successfully...[0m
[90m2024-06-10T18:23:11+05:30[0m [32mINF[0m [1mStarting server on :8080[0m
[90m2024-06-10T18:33:23+05:30[0m [32mINF[0m [1menter for main[0m
[90m2024-06-10T18:33:23+05:30[0m [32mINF[0m [1mdatabase connection : postgres[0m
[90m2024-06-10T18:33:24+05:30[0m [32mINF[0m [1mdatabase connected successfully...[0m
[90m2024-06-10T18:33:24+05:30[0m [32mINF[0m [1mStarting server on :8080[0m
[90m2024-06-10T18:34:11+05:30[0m [32mINF[0m [1menter for main[0m
[90m2024-06-10T18:34:11+05:30[0m [32mINF[0m [1mdatabase connection : postgres[0m
[90m2024-06-10T18:34:11+05:30[0m [32mINF[0m [1mdatabase connected successfully...[0m
[90m2024-06-10T18:34:11+05:30[0m [32mINF[0m [1mStarting server on :8080[0m
[90m2024-06-10T19:04:09+05:30[0m [32mINF[0m [1menter for main[0m
[90m2024-06-10T19:04:09+05:30[0m [32mINF[0m [1mdatabase connection : postgres[0m
[90m2024-06-10T19:04:09+05:30[0m [32mINF[0m [1mdatabase connected successfully...[0m
[90m2024-06-10T19:04:09+05:30[0m [32mINF[0m [1mStarting server on :8080[0m
[90m2024-06-10T19:04:37+05:30[0m [32mINF[0m [1menter for main[0m
[90m2024-06-10T19:04:37+05:30[0m [32mINF[0m [1mdatabase connection : postgres[0m
[90m2024-06-10T19:04:37+05:30[0m [32mINF[0m [1mdatabase connected successfully...[0m
[90m2024-06-10T19:04:37+05:30[0m [32mINF[0m [1mStarting server on :8080[0m
[90m2024-06-10T19:06:33+05:30[0m [32mINF[0m [1menter for main[0m
[90m2024-06-10T19:06:33+05:30[0m [32mINF[0m [1mdatabase connection : postgres[0m
[90m2024-06-10T19:06:33+05:30[0m [32mINF[0m [1mdatabase connected successfully...[0m
[90m2024-06-10T19:06:33+05:30[0m [32mINF[0m [1mStarting server on :8080[0m
[90m2024-06-10T19:13:03+05:30[0m [32mINF[0m [1menter for main[0m
[90m2024-06-10T19:13:03+05:30[0m [32mINF[0m [1mdatabase connection : postgres[0m
[90m2024-06-10T19:13:03+05:30[0m [32mINF[0m [1mdatabase connected successfully...[0m
[90m2024-06-10T19:13:03+05:30[0m [32mINF[0m [1mStarting server on :8080[0m
[90m2024-06-10T19:14:36+05:30[0m [32mINF[0m [1menter for main[0m
[90m2024-06-10T19:14:37+05:30[0m [32mINF[0m [1mdatabase connection : postgres[0m
[90m2024-06-10T19:14:37+05:30[0m [32mINF[0m [1mdatabase connected successfully...[0m
[90m2024-06-10T19:14:37+05:30[0m [32mINF[0m [1mStarting server on :8080[0m
[90m2024-06-11T12:21:26+05:30[0m [32mINF[0m [1menter for main[0m
[90m2024-06-11T12:21:26+05:30[0m [32mINF[0m [1mdatabase connection : postgres[0m
[90m2024-06-11T12:21:26+05:30[0m [32mINF[0m [1mdatabase connected successfully...[0m
[90m2024-06-11T12:21:26+05:30[0m [32mINF[0m [1mStarting server on :8080[0m
[90m2024-06-11T12:26:33+05:30[0m [32mINF[0m [1menter for main[0m
[90m2024-06-11T12:26:33+05:30[0m [32mINF[0m [1mdatabase connection : postgres[0m
[90m2024-06-11T12:26:33+05:30[0m [32mINF[0m [1mdatabase connected successfully...[0m
[90m2024-06-11T12:26:33+05:30[0m [32mINF[0m [1mStarting server on :8080[0m
[90m2024-06-11T12:36:13+05:30[0m [32mINF[0m [1menter for main[0m
[90m2024-06-11T12:36:13+05:30[0m [32mINF[0m [1mdatabase connection : postgres[0m
[90m2024-06-11T12:36:14+05:30[0m [32mINF[0m [1mdatabase connected successfully...[0m
[90m2024-06-11T12:36:14+05:30[0m [32mINF[0m [1mStarting server on :8080[0m
[90m2024-06-11T12:40:02+05:30[0m [32mINF[0m [1menter for main[0m
[90m2024-06-11T12:40:02+05:30[0m [32mINF[0m [1mdatabase connection : postgres[0m
[90m2024-06-11T12:40:02+05:30[0m [32mINF[0m [1mdatabase connected successfully...[0m
[90m2024-06-11T12:40:02+05:30[0m [32mINF[0m [1mStarting server on :8080[0m
[90m2024-06-11T12:48:26+05:30[0m [32mINF[0m [1menter for main[0m
[90m2024-06-11T12:48:27+05:30[0m [32mINF[0m [1mdatabase connection : postgres[0m
[90m2024-06-11T12:48:27+05:30[0m [32mINF[0m [1mdatabase connected successfully...[0m
[90m2024-06-11T12:48:27+05:30[0m [32mINF[0m [1mStarting server on :8080[0m
[90m2024-06-11T12:51:32+05:30[0m [32mINF[0m [1menter for main[0m
[90m2024-06-11T12:51:32+05:30[0m [32mINF[0m [1mdatabase connection : postgres[0m
[90m2024-06-11T12:51:32+05:30[0m [32mINF[0m [1mdatabase connected successfully...[0m
[90m2024-06-11T12:51:32+05:30[0m [32mINF[0m [1mStarting server on :8080[0m
[90m2024-06-11T12:54:34+05:30[0m [32mINF[0m [1menter for main[0m
[90m2024-06-11T12:54:34+05:30[0m [32mINF[0m [1mdatabase connection : postgres[0m
[90m2024-06-11T12:54:34+05:30[0m [32mINF[0m [1mdatabase connected successfully...[0m
[90m2024-06-11T12:54:34+05:30[0m [32mINF[0m [1mStarting server on :8080[0m
[90m2024-06-11T13:00:24+05:30[0m [32mINF[0m [1menter for main[0m
[90m2024-06-11T13:00:24+05:30[0m [32mINF[0m [1mdatabase connection : postgres[0m
[90m2024-06-11T13:00:25+05:30[0m [32mINF[0m [1mdatabase connected successfully...[0m
[90m2024-06-11T13:00:25+05:30[0m [32mINF[0m [1mStarting server on :8080[0m
[90m2024-06-11T15:15:51+05:30[0m [32mINF[0m [1menter for main[0m
[90m2024-06-11T15:15:51+05:30[0m [32mINF[0m [1mdatabase connection : postgres[0m
[90m2024-06-11T15:15:52+05:30[0m [32mINF[0m [1mdatabase connected successfully...[0m
[90m2024-06-11T15:15:52+05:30[0m [32mINF[0m [1mStarting server on :8080[0m
[90m2024-06-11T18:47:23+05:30[0m [32mINF[0m [1menter for main[0m
[90m2024-06-11T18:47:23+05:30[0m [32mINF[0m [1mdatabase connection : postgres[0m
[90m2024-06-11T18:47:24+05:30[0m [32mINF[0m [1mdatabase connected successfully...[0m
[90m2024-06-11T18:47:24+05:30[0m [32mINF[0m [1mStarting server on :8080[0m
[90m2024-06-11T18:51:18+05:30[0m [32mINF[0m [1menter for main[0m
[90m2024-06-11T18:51:18+05:30[0m [32mINF[0m [1mdatabase connection : postgres[0m
[90m2024-06-11T18:51:18+05:30[0m [32mINF[0m [1mdatabase connected successfully...[0m
[90m2024-06-11T18:51:18+05:30[0m [32mINF[0m [1mStarting server on :8080[0m
[90m2024-06-11T18:54:32+05:30[0m [32mINF[0m [1menter for main[0m
[90m2024-06-11T18:54:32+05:30[0m [32mINF[0m [1mdatabase connection : postgres[0m
[90m2024-06-11T18:54:33+05:30[0m [32mINF[0m [1mdatabase connected successfully...[0m
[90m2024-06-11T18:54:33+05:30[0m [32mINF[0m [1mStarting server on :8080[0m
